liveEnsureLibrary/build/outputs/logs/manifest-merger-debug-report.txt
-- Merging decision tree log ---
manifest
ADDED from src/main/AndroidManifest.xml:2:1-113:12
INJECTED from src/main/AndroidManifest.xml:2:1-113:12
INJECTED from src/main/AndroidManifest.xml:2:1-113:12
INJECTED from src/main/AndroidManifest.xml:2:1-113:12
INJECTED from src/main/AndroidManifest.xml:2:1-113:12
INJECTED from src/main/AndroidManifest.xml:2:1-113:12
INJECTED from src/main/AndroidManifest.xml:2:1-113:12
	package
		ADDED from src/main/AndroidManifest.xml:3:5-36
		INJECTED from src/main/AndroidManifest.xml
		INJECTED from src/main/AndroidManifest.xml
	android:versionName
		ADDED from src/main/AndroidManifest.xml:5:5-32
		INJECTED from src/main/AndroidManifest.xml
		INJECTED from src/main/AndroidManifest.xml
	xmlns:android
		ADDED from src/main/AndroidManifest.xml:2:11-69
	android:versionCode
		ADDED from src/main/AndroidManifest.xml:4:5-29
		INJECTED from src/main/AndroidManifest.xml
		INJECTED from src/main/AndroidManifest.xml
uses-sdk
ADDED from src/main/AndroidManifest.xml:7:5-9:41
INJECTED from src/main/AndroidManifest.xml:7:5-9:41
INJECTED from src/main/AndroidManifest.xml:7:5-9:41
INJECTED from src/main/AndroidManifest.xml:7:5-9:41
INJECTED from src/main/AndroidManifest.xml:7:5-9:41
	android:targetSdkVersion
		ADDED from src/main/AndroidManifest.xml:9:9-38
		INJECTED from src/main/AndroidManifest.xml
		INJECTED from src/main/AndroidManifest.xml
	android:minSdkVersion
		ADDED from src/main/AndroidManifest.xml:8:9-35
		INJECTED from src/main/AndroidManifest.xml
		INJECTED from src/main/AndroidManifest.xml
uses-permission#android.permission.CAMERA
ADDED from src/main/AndroidManifest.xml:12:5-65
	android:name
		ADDED from src/main/AndroidManifest.xml:12:22-62
uses-permission#android.permission.INTERNET
ADDED from src/main/AndroidManifest.xml:13:5-67
	android:name
		ADDED from src/main/AndroidManifest.xml:13:22-64
uses-permission#android.permission.READ_PHONE_STATE
ADDED from src/main/AndroidManifest.xml:14:5-75
	android:name
		ADDED from src/main/AndroidManifest.xml:14:22-72
uses-permission#android.permission.ACCESS_WIFI_STATE
ADDED from src/main/AndroidManifest.xml:15:5-76
	android:name
		ADDED from src/main/AndroidManifest.xml:15:22-73
uses-permission#android.permission.BLUETOOTH
ADDED from src/main/AndroidManifest.xml:16:5-68
	android:name
		ADDED from src/main/AndroidManifest.xml:16:22-65
uses-permission#android.permission.FLASHLIGHT
ADDED from src/main/AndroidManifest.xml:17:5-69
	android:name
		ADDED from src/main/AndroidManifest.xml:17:22-66
uses-permission#android.permission.WRITE_EXTERNAL_STORAGE
ADDED from src/main/AndroidManifest.xml:18:5-81
	android:name
		ADDED from src/main/AndroidManifest.xml:18:22-78
uses-permission#android.permission.ACCESS_NETWORK_STATE
ADDED from src/main/AndroidManifest.xml:21:5-79
	android:name
		ADDED from src/main/AndroidManifest.xml:21:22-76
uses-permission#com.google.android.providers.gsf.permission.READ_GSERVICES
ADDED from src/main/AndroidManifest.xml:22:5-98
	android:name
		ADDED from src/main/AndroidManifest.xml:22:22-95
uses-permission#android.permission.ACCESS_COARSE_LOCATION
ADDED from src/main/AndroidManifest.xml:23:5-81
	android:name
		ADDED from src/main/AndroidManifest.xml:23:22-78
uses-permission#android.permission.ACCESS_FINE_LOCATION
ADDED from src/main/AndroidManifest.xml:24:5-79
	android:name
		ADDED from src/main/AndroidManifest.xml:24:22-76
uses-permission#com.android.vending.BILLING
ADDED from src/main/AndroidManifest.xml:27:5-67
	android:name
		ADDED from src/main/AndroidManifest.xml:27:22-64
uses-feature#0x00020000
ADDED from src/main/AndroidManifest.xml:30:5-32:35
	android:glEsVersion
		ADDED from src/main/AndroidManifest.xml:31:9-41
	android:required
		ADDED from src/main/AndroidManifest.xml:32:9-32
application
ADDED from src/main/AndroidManifest.xml:35:5-111:19
	android:label
		ADDED from src/main/AndroidManifest.xml:39:9-41
	android:icon
		ADDED from src/main/AndroidManifest.xml:38:9-47
	android:allowBackup
		ADDED from src/main/AndroidManifest.xml:37:9-35
	android:theme
		ADDED from src/main/AndroidManifest.xml:40:9-56
	android:name
		ADDED from src/main/AndroidManifest.xml:36:9-59
activity#com.liveensure.a.mini.MiniLiveEnsureActivity
ADDED from src/main/AndroidManifest.xml:41:9-105:20
	android:excludeFromRecents
		ADDED from src/main/AndroidManifest.xml:43:13-46
	android:launchMode
		ADDED from src/main/AndroidManifest.xml:44:13-48
	android:theme
		ADDED from src/main/AndroidManifest.xml:46:13-60
	android:taskAffinity
		ADDED from src/main/AndroidManifest.xml:45:13-36
	android:name
		ADDED from src/main/AndroidManifest.xml:42:13-50
intent-filter#action:name:android.intent.action.MAIN
ADDED from src/main/AndroidManifest.xml:47:13-51:29
action#android.intent.action.MAIN
ADDED from src/main/AndroidManifest.xml:48:17-69
	android:name
		ADDED from src/main/AndroidManifest.xml:48:25-66
intent-filter#action:name:com.liveensure.mini.LAUNCH_MINI+category:name:android.intent.category.DEFAULT
ADDED from src/main/AndroidManifest.xml:53:13-57:29
action#com.liveensure.mini.LAUNCH_MINI
ADDED from src/main/AndroidManifest.xml:54:17-74
	android:name
		ADDED from src/main/AndroidManifest.xml:54:25-71
category#android.intent.category.DEFAULT
ADDED from src/main/AndroidManifest.xml:56:17-76
	android:name
		ADDED from src/main/AndroidManifest.xml:56:27-73
intent-filter#action:name:com.liveensure.mini.LAUNCH_MINI
ADDED from src/main/AndroidManifest.xml:58:13-60:29
intent-filter#action:name:android.intent.action.VIEW+category:name:android.intent.category.BROWSABLE+category:name:android.intent.category.DEFAULT+data:host:app.liveensure.com+data:pathPrefix:/mini/+data:scheme:https://
ADDED from src/main/AndroidManifest.xml:61:13-71:29
data
ADDED from src/main/AndroidManifest.xml:62:17-65:49
	android:path
		ADDED from src/main/AndroidManifest.xml:75:21-37
	android:host
		ADDED from src/main/AndroidManifest.xml:63:21-54
	android:scheme
		ADDED from src/main/AndroidManifest.xml:65:21-46
	android:pathPrefix
		ADDED from src/main/AndroidManifest.xml:64:21-48
action#android.intent.action.VIEW
ADDED from src/main/AndroidManifest.xml:67:17-69
	android:name
		ADDED from src/main/AndroidManifest.xml:67:25-66
category#android.intent.category.BROWSABLE
ADDED from src/main/AndroidManifest.xml:70:17-78
	android:name
		ADDED from src/main/AndroidManifest.xml:70:27-75
intent-filter#action:name:android.intent.action.VIEW+category:name:android.intent.category.BROWSABLE+category:name:android.intent.category.DEFAULT+data:host:roll+data:path:/+data:scheme:miniliveensure
ADDED from src/main/AndroidManifest.xml:72:13-82:29
intent-filter#action:name:android.intent.action.VIEW+category:name:android.intent.category.BROWSABLE+category:name:android.intent.category.DEFAULT+data:host:liveensure.com+data:pathPrefix:/roll+data:scheme:http
ADDED from src/main/AndroidManifest.xml:83:13-93:29
intent-filter#action:name:android.intent.action.VIEW+category:name:android.intent.category.BROWSABLE+category:name:android.intent.category.DEFAULT+data:host:liveensure.com+data:pathPrefix:/scan+data:scheme:http
ADDED from src/main/AndroidManifest.xml:94:13-104:29
meta-data#com.google.android.maps.v2.API_KEY
ADDED from src/main/AndroidManifest.xml:108:9-110:71
	android:value
		ADDED from src/main/AndroidManifest.xml:110:13-68
	android:name
		ADDED from src/main/AndroidManifest.xml:109:13-62